{"A:\\Germingi\\Documents\\programming\\vue3-video-player\\lib\\components\\LoadingSpinner.vue": {"path":"A:\\Germingi\\Documents\\programming\\vue3-video-player\\lib\\components\\LoadingSpinner.vue","all":false,"statementMap":{"1":{"start":{"line":2,"column":0},"end":{"line":2,"column":30}}},"s":{"1":1},"branchMap":{},"b":{},"fnMap":{},"f":{}}
,"A:\\Germingi\\Documents\\programming\\vue3-video-player\\lib\\components\\SubtitleContainer.vue": {"path":"A:\\Germingi\\Documents\\programming\\vue3-video-player\\lib\\components\\SubtitleContainer.vue","all":false,"statementMap":{"0":{"start":{"line":1,"column":0},"end":{"line":1,"column":37}},"3":{"start":{"line":4,"column":0},"end":{"line":4,"column":6}},"4":{"start":{"line":5,"column":0},"end":{"line":5,"column":30}},"5":{"start":{"line":6,"column":0},"end":{"line":6,"column":54}},"6":{"start":{"line":7,"column":0},"end":{"line":7,"column":25}},"7":{"start":{"line":8,"column":0},"end":{"line":8,"column":4}},"13":{"start":{"line":14,"column":0},"end":{"line":14,"column":37}},"15":{"start":{"line":16,"column":0},"end":{"line":16,"column":16}},"16":{"start":{"line":17,"column":0},"end":{"line":17,"column":10}},"17":{"start":{"line":18,"column":0},"end":{"line":18,"column":11}},"18":{"start":{"line":19,"column":0},"end":{"line":19,"column":21}},"19":{"start":{"line":20,"column":0},"end":{"line":20,"column":45}},"20":{"start":{"line":21,"column":0},"end":{"line":21,"column":6}},"21":{"start":{"line":22,"column":0},"end":{"line":22,"column":16}},"22":{"start":{"line":23,"column":0},"end":{"line":23,"column":21}},"23":{"start":{"line":24,"column":0},"end":{"line":24,"column":19}},"24":{"start":{"line":25,"column":0},"end":{"line":25,"column":6}},"25":{"start":{"line":26,"column":0},"end":{"line":26,"column":4}},"26":{"start":{"line":27,"column":0},"end":{"line":27,"column":10}},"27":{"start":{"line":28,"column":0},"end":{"line":28,"column":12}},"28":{"start":{"line":29,"column":0},"end":{"line":29,"column":31}},"29":{"start":{"line":30,"column":0},"end":{"line":30,"column":6}},"30":{"start":{"line":31,"column":0},"end":{"line":31,"column":4}},"31":{"start":{"line":32,"column":0},"end":{"line":32,"column":13}},"32":{"start":{"line":33,"column":0},"end":{"line":33,"column":20}},"33":{"start":{"line":34,"column":0},"end":{"line":34,"column":43}},"34":{"start":{"line":35,"column":0},"end":{"line":35,"column":6}},"35":{"start":{"line":36,"column":0},"end":{"line":36,"column":22}},"36":{"start":{"line":37,"column":0},"end":{"line":37,"column":50}},"37":{"start":{"line":38,"column":0},"end":{"line":38,"column":71}},"38":{"start":{"line":39,"column":0},"end":{"line":39,"column":9}},"39":{"start":{"line":40,"column":0},"end":{"line":40,"column":36}},"40":{"start":{"line":41,"column":0},"end":{"line":41,"column":6}},"41":{"start":{"line":42,"column":0},"end":{"line":42,"column":4}},"42":{"start":{"line":43,"column":0},"end":{"line":43,"column":19}},"43":{"start":{"line":44,"column":0},"end":{"line":44,"column":70}},"44":{"start":{"line":45,"column":0},"end":{"line":45,"column":4}},"45":{"start":{"line":46,"column":0},"end":{"line":46,"column":13}},"46":{"start":{"line":47,"column":0},"end":{"line":47,"column":34}},"47":{"start":{"line":48,"column":0},"end":{"line":48,"column":67}},"48":{"start":{"line":49,"column":0},"end":{"line":49,"column":4}},"49":{"start":{"line":50,"column":0},"end":{"line":50,"column":12}},"50":{"start":{"line":51,"column":0},"end":{"line":51,"column":30}},"52":{"start":{"line":53,"column":0},"end":{"line":53,"column":80}},"53":{"start":{"line":54,"column":0},"end":{"line":54,"column":6}},"54":{"start":{"line":55,"column":0},"end":{"line":55,"column":4}},"55":{"start":{"line":56,"column":0},"end":{"line":56,"column":2}}},"s":{"0":1,"3":1,"4":1,"5":1,"6":1,"7":1,"13":2,"15":1,"16":1,"17":1,"18":1,"19":1,"20":1,"21":1,"22":1,"23":1,"24":1,"25":1,"26":1,"27":19,"28":19,"29":19,"30":19,"31":1,"32":1,"33":19,"34":19,"35":1,"36":19,"37":12,"38":19,"39":19,"40":19,"41":1,"42":1,"43":0,"44":0,"45":1,"46":19,"47":19,"48":19,"49":1,"50":1,"52":19,"53":19,"54":1,"55":1},"branchMap":{"0":{"type":"branch","line":14,"loc":{"start":{"line":14,"column":0},"end":{"line":14,"column":37}},"locations":[{"start":{"line":14,"column":0},"end":{"line":14,"column":37}}]},"1":{"type":"branch","line":14,"loc":{"start":{"line":14,"column":0},"end":{"line":14,"column":37}},"locations":[{"start":{"line":14,"column":0},"end":{"line":14,"column":37}}]},"2":{"type":"branch","line":27,"loc":{"start":{"line":27,"column":2},"end":{"line":31,"column":4}},"locations":[{"start":{"line":27,"column":2},"end":{"line":31,"column":4}}]},"3":{"type":"branch","line":33,"loc":{"start":{"line":33,"column":4},"end":{"line":35,"column":6}},"locations":[{"start":{"line":33,"column":4},"end":{"line":35,"column":6}}]},"4":{"type":"branch","line":36,"loc":{"start":{"line":36,"column":4},"end":{"line":41,"column":6}},"locations":[{"start":{"line":36,"column":4},"end":{"line":41,"column":6}}]},"5":{"type":"branch","line":40,"loc":{"start":{"line":40,"column":13},"end":{"line":40,"column":33}},"locations":[{"start":{"line":40,"column":13},"end":{"line":40,"column":33}}]},"6":{"type":"branch","line":40,"loc":{"start":{"line":40,"column":25},"end":{"line":40,"column":36}},"locations":[{"start":{"line":40,"column":25},"end":{"line":40,"column":36}}]},"7":{"type":"branch","line":37,"loc":{"start":{"line":37,"column":40},"end":{"line":39,"column":7}},"locations":[{"start":{"line":37,"column":40},"end":{"line":39,"column":7}}]},"8":{"type":"branch","line":38,"loc":{"start":{"line":38,"column":37},"end":{"line":38,"column":71}},"locations":[{"start":{"line":38,"column":37},"end":{"line":38,"column":71}}]},"9":{"type":"branch","line":46,"loc":{"start":{"line":46,"column":2},"end":{"line":49,"column":4}},"locations":[{"start":{"line":46,"column":2},"end":{"line":49,"column":4}}]},"10":{"type":"branch","line":51,"loc":{"start":{"line":51,"column":4},"end":{"line":54,"column":6}},"locations":[{"start":{"line":51,"column":4},"end":{"line":54,"column":6}}]}},"b":{"0":[2],"1":[2],"2":[19],"3":[19],"4":[19],"5":[5],"6":[14],"7":[12],"8":[9],"9":[19],"10":[19]},"fnMap":{"0":{"name":"data","decl":{"start":{"line":27,"column":2},"end":{"line":31,"column":4}},"loc":{"start":{"line":27,"column":2},"end":{"line":31,"column":4}},"line":27},"1":{"name":"sanitisedCue","decl":{"start":{"line":33,"column":4},"end":{"line":35,"column":6}},"loc":{"start":{"line":33,"column":4},"end":{"line":35,"column":6}},"line":33},"2":{"name":"currentCueHtml","decl":{"start":{"line":36,"column":4},"end":{"line":41,"column":6}},"loc":{"start":{"line":36,"column":4},"end":{"line":41,"column":6}},"line":36},"3":{"name":"beforeUnmount","decl":{"start":{"line":43,"column":2},"end":{"line":45,"column":4}},"loc":{"start":{"line":43,"column":2},"end":{"line":45,"column":4}},"line":43},"4":{"name":"mounted","decl":{"start":{"line":46,"column":2},"end":{"line":49,"column":4}},"loc":{"start":{"line":46,"column":2},"end":{"line":49,"column":4}},"line":46},"5":{"name":"updateSubtitleFontSize","decl":{"start":{"line":51,"column":4},"end":{"line":54,"column":6}},"loc":{"start":{"line":51,"column":4},"end":{"line":54,"column":6}},"line":51}},"f":{"0":19,"1":19,"2":19,"3":0,"4":19,"5":19}}
,"A:\\Germingi\\Documents\\programming\\vue3-video-player\\lib\\components\\VideoControls.vue": {"path":"A:\\Germingi\\Documents\\programming\\vue3-video-player\\lib\\components\\VideoControls.vue","all":false,"statementMap":{"0":{"start":{"line":1,"column":0},"end":{"line":1,"column":10}},"1":{"start":{"line":2,"column":0},"end":{"line":2,"column":30}},"2":{"start":{"line":3,"column":0},"end":{"line":3,"column":66}},"3":{"start":{"line":4,"column":0},"end":{"line":4,"column":56}},"4":{"start":{"line":5,"column":0},"end":{"line":5,"column":20}},"5":{"start":{"line":6,"column":0},"end":{"line":6,"column":12}},"6":{"start":{"line":7,"column":0},"end":{"line":7,"column":58}},"7":{"start":{"line":8,"column":0},"end":{"line":8,"column":21}},"8":{"start":{"line":9,"column":0},"end":{"line":9,"column":12}},"9":{"start":{"line":10,"column":0},"end":{"line":10,"column":13}},"10":{"start":{"line":11,"column":0},"end":{"line":11,"column":10}},"11":{"start":{"line":12,"column":0},"end":{"line":12,"column":31}},"12":{"start":{"line":13,"column":0},"end":{"line":13,"column":18}},"13":{"start":{"line":14,"column":0},"end":{"line":14,"column":14}},"14":{"start":{"line":15,"column":0},"end":{"line":15,"column":26}},"15":{"start":{"line":16,"column":0},"end":{"line":16,"column":26}},"19":{"start":{"line":20,"column":0},"end":{"line":20,"column":6}},"20":{"start":{"line":21,"column":0},"end":{"line":21,"column":26}},"21":{"start":{"line":22,"column":0},"end":{"line":22,"column":45}},"23":{"start":{"line":24,"column":0},"end":{"line":24,"column":42}},"24":{"start":{"line":25,"column":0},"end":{"line":25,"column":10}},"25":{"start":{"line":26,"column":0},"end":{"line":26,"column":66}},"26":{"start":{"line":27,"column":0},"end":{"line":27,"column":57}},"27":{"start":{"line":28,"column":0},"end":{"line":28,"column":28}},"28":{"start":{"line":29,"column":0},"end":{"line":29,"column":12}},"29":{"start":{"line":30,"column":0},"end":{"line":30,"column":56}},"30":{"start":{"line":31,"column":0},"end":{"line":31,"column":27}},"31":{"start":{"line":32,"column":0},"end":{"line":32,"column":12}},"32":{"start":{"line":33,"column":0},"end":{"line":33,"column":13}},"33":{"start":{"line":34,"column":0},"end":{"line":34,"column":11}},"34":{"start":{"line":35,"column":0},"end":{"line":35,"column":60}},"35":{"start":{"line":36,"column":0},"end":{"line":36,"column":33}},"36":{"start":{"line":37,"column":0},"end":{"line":37,"column":47}},"38":{"start":{"line":39,"column":0},"end":{"line":39,"column":22}},"39":{"start":{"line":40,"column":0},"end":{"line":40,"column":13}},"40":{"start":{"line":41,"column":0},"end":{"line":41,"column":73}},"41":{"start":{"line":42,"column":0},"end":{"line":42,"column":57}},"42":{"start":{"line":43,"column":0},"end":{"line":43,"column":32}},"43":{"start":{"line":44,"column":0},"end":{"line":44,"column":12}},"44":{"start":{"line":45,"column":0},"end":{"line":45,"column":58}},"45":{"start":{"line":46,"column":0},"end":{"line":46,"column":33}},"46":{"start":{"line":47,"column":0},"end":{"line":47,"column":12}},"47":{"start":{"line":48,"column":0},"end":{"line":48,"column":13}},"48":{"start":{"line":49,"column":0},"end":{"line":49,"column":8}},"52":{"start":{"line":53,"column":0},"end":{"line":53,"column":8}},"63":{"start":{"line":64,"column":0},"end":{"line":64,"column":16}},"64":{"start":{"line":65,"column":0},"end":{"line":65,"column":15}},"65":{"start":{"line":66,"column":0},"end":{"line":66,"column":25}},"66":{"start":{"line":67,"column":0},"end":{"line":67,"column":26}},"67":{"start":{"line":68,"column":0},"end":{"line":68,"column":17}},"68":{"start":{"line":69,"column":0},"end":{"line":69,"column":14}},"69":{"start":{"line":70,"column":0},"end":{"line":70,"column":13}},"70":{"start":{"line":71,"column":0},"end":{"line":71,"column":20}},"71":{"start":{"line":72,"column":0},"end":{"line":72,"column":21}},"72":{"start":{"line":73,"column":0},"end":{"line":73,"column":4}},"73":{"start":{"line":74,"column":0},"end":{"line":74,"column":10}},"74":{"start":{"line":75,"column":0},"end":{"line":75,"column":34}},"75":{"start":{"line":76,"column":0},"end":{"line":76,"column":22}},"76":{"start":{"line":77,"column":0},"end":{"line":77,"column":15}},"77":{"start":{"line":78,"column":0},"end":{"line":78,"column":8}},"78":{"start":{"line":79,"column":0},"end":{"line":79,"column":45}},"79":{"start":{"line":80,"column":0},"end":{"line":80,"column":6}},"80":{"start":{"line":81,"column":0},"end":{"line":81,"column":19}},"81":{"start":{"line":82,"column":0},"end":{"line":82,"column":21}},"82":{"start":{"line":83,"column":0},"end":{"line":83,"column":20}},"83":{"start":{"line":84,"column":0},"end":{"line":84,"column":6}},"84":{"start":{"line":85,"column":0},"end":{"line":85,"column":20}},"85":{"start":{"line":86,"column":0},"end":{"line":86,"column":21}},"86":{"start":{"line":87,"column":0},"end":{"line":87,"column":20}},"87":{"start":{"line":88,"column":0},"end":{"line":88,"column":6}},"88":{"start":{"line":89,"column":0},"end":{"line":89,"column":26}},"89":{"start":{"line":90,"column":0},"end":{"line":90,"column":21}},"90":{"start":{"line":91,"column":0},"end":{"line":91,"column":64}},"91":{"start":{"line":92,"column":0},"end":{"line":92,"column":6}},"92":{"start":{"line":93,"column":0},"end":{"line":93,"column":23}},"93":{"start":{"line":94,"column":0},"end":{"line":94,"column":21}},"94":{"start":{"line":95,"column":0},"end":{"line":95,"column":20}},"95":{"start":{"line":96,"column":0},"end":{"line":96,"column":6}},"96":{"start":{"line":97,"column":0},"end":{"line":97,"column":22}},"97":{"start":{"line":98,"column":0},"end":{"line":98,"column":21}},"98":{"start":{"line":99,"column":0},"end":{"line":99,"column":45}},"99":{"start":{"line":100,"column":0},"end":{"line":100,"column":6}},"100":{"start":{"line":101,"column":0},"end":{"line":101,"column":22}},"101":{"start":{"line":102,"column":0},"end":{"line":102,"column":21}},"102":{"start":{"line":103,"column":0},"end":{"line":103,"column":45}},"103":{"start":{"line":104,"column":0},"end":{"line":104,"column":6}},"104":{"start":{"line":105,"column":0},"end":{"line":105,"column":23}},"105":{"start":{"line":106,"column":0},"end":{"line":106,"column":21}},"106":{"start":{"line":107,"column":0},"end":{"line":107,"column":19}},"107":{"start":{"line":108,"column":0},"end":{"line":108,"column":6}},"108":{"start":{"line":109,"column":0},"end":{"line":109,"column":20}},"109":{"start":{"line":110,"column":0},"end":{"line":110,"column":21}},"110":{"start":{"line":111,"column":0},"end":{"line":111,"column":19}},"111":{"start":{"line":112,"column":0},"end":{"line":112,"column":6}},"112":{"start":{"line":113,"column":0},"end":{"line":113,"column":4}},"113":{"start":{"line":114,"column":0},"end":{"line":114,"column":10}},"114":{"start":{"line":115,"column":0},"end":{"line":115,"column":12}},"115":{"start":{"line":116,"column":0},"end":{"line":116,"column":26}},"116":{"start":{"line":117,"column":0},"end":{"line":117,"column":6}},"117":{"start":{"line":118,"column":0},"end":{"line":118,"column":4}},"118":{"start":{"line":119,"column":0},"end":{"line":119,"column":13}},"119":{"start":{"line":120,"column":0},"end":{"line":120,"column":28}},"120":{"start":{"line":121,"column":0},"end":{"line":121,"column":52}},"121":{"start":{"line":122,"column":0},"end":{"line":122,"column":6}},"122":{"start":{"line":123,"column":0},"end":{"line":123,"column":25}},"123":{"start":{"line":124,"column":0},"end":{"line":124,"column":49}},"124":{"start":{"line":125,"column":0},"end":{"line":125,"column":6}},"125":{"start":{"line":126,"column":0},"end":{"line":126,"column":4}},"126":{"start":{"line":127,"column":0},"end":{"line":127,"column":13}},"127":{"start":{"line":128,"column":0},"end":{"line":128,"column":74}},"128":{"start":{"line":129,"column":0},"end":{"line":129,"column":4}},"129":{"start":{"line":130,"column":0},"end":{"line":130,"column":19}},"130":{"start":{"line":131,"column":0},"end":{"line":131,"column":77}},"131":{"start":{"line":132,"column":0},"end":{"line":132,"column":4}},"132":{"start":{"line":133,"column":0},"end":{"line":133,"column":12}},"133":{"start":{"line":134,"column":0},"end":{"line":134,"column":29}},"134":{"start":{"line":135,"column":0},"end":{"line":135,"column":43}},"135":{"start":{"line":136,"column":0},"end":{"line":136,"column":52}},"136":{"start":{"line":137,"column":0},"end":{"line":137,"column":43}},"138":{"start":{"line":139,"column":0},"end":{"line":139,"column":56}},"139":{"start":{"line":140,"column":0},"end":{"line":140,"column":64}},"140":{"start":{"line":141,"column":0},"end":{"line":141,"column":64}},"142":{"start":{"line":143,"column":0},"end":{"line":143,"column":22}},"143":{"start":{"line":144,"column":0},"end":{"line":144,"column":57}},"144":{"start":{"line":145,"column":0},"end":{"line":145,"column":7}},"145":{"start":{"line":146,"column":0},"end":{"line":146,"column":43}},"146":{"start":{"line":147,"column":0},"end":{"line":147,"column":6}},"147":{"start":{"line":148,"column":0},"end":{"line":148,"column":25}},"148":{"start":{"line":149,"column":0},"end":{"line":149,"column":68}},"149":{"start":{"line":150,"column":0},"end":{"line":150,"column":6}},"150":{"start":{"line":151,"column":0},"end":{"line":151,"column":24}},"151":{"start":{"line":152,"column":0},"end":{"line":152,"column":30}},"152":{"start":{"line":153,"column":0},"end":{"line":153,"column":38}},"153":{"start":{"line":154,"column":0},"end":{"line":154,"column":36}},"154":{"start":{"line":155,"column":0},"end":{"line":155,"column":51}},"155":{"start":{"line":156,"column":0},"end":{"line":156,"column":42}},"156":{"start":{"line":157,"column":0},"end":{"line":157,"column":50}},"157":{"start":{"line":158,"column":0},"end":{"line":158,"column":41}},"158":{"start":{"line":159,"column":0},"end":{"line":159,"column":47}},"159":{"start":{"line":160,"column":0},"end":{"line":160,"column":38}},"160":{"start":{"line":161,"column":0},"end":{"line":161,"column":9}},"161":{"start":{"line":162,"column":0},"end":{"line":162,"column":14}},"162":{"start":{"line":163,"column":0},"end":{"line":163,"column":37}},"163":{"start":{"line":164,"column":0},"end":{"line":164,"column":17}},"164":{"start":{"line":165,"column":0},"end":{"line":165,"column":37}},"165":{"start":{"line":166,"column":0},"end":{"line":166,"column":35}},"166":{"start":{"line":167,"column":0},"end":{"line":167,"column":50}},"167":{"start":{"line":168,"column":0},"end":{"line":168,"column":41}},"168":{"start":{"line":169,"column":0},"end":{"line":169,"column":47}},"169":{"start":{"line":170,"column":0},"end":{"line":170,"column":38}},"170":{"start":{"line":171,"column":0},"end":{"line":171,"column":46}},"171":{"start":{"line":172,"column":0},"end":{"line":172,"column":37}},"172":{"start":{"line":173,"column":0},"end":{"line":173,"column":11}},"173":{"start":{"line":174,"column":0},"end":{"line":174,"column":9}},"174":{"start":{"line":175,"column":0},"end":{"line":175,"column":7}},"175":{"start":{"line":176,"column":0},"end":{"line":176,"column":45}},"176":{"start":{"line":177,"column":0},"end":{"line":177,"column":6}},"177":{"start":{"line":178,"column":0},"end":{"line":178,"column":4}},"178":{"start":{"line":179,"column":0},"end":{"line":179,"column":2}}},"s":{"0":1,"1":1,"2":1,"3":1,"4":1,"5":1,"6":1,"7":1,"8":1,"9":1,"10":1,"11":1,"12":1,"13":1,"14":1,"15":1,"19":1,"20":1,"21":1,"23":1,"24":1,"25":1,"26":1,"27":1,"28":1,"29":1,"30":1,"31":1,"32":1,"33":1,"34":1,"35":7,"36":7,"38":7,"39":1,"40":1,"41":1,"42":1,"43":1,"44":1,"45":1,"46":1,"47":1,"48":1,"52":2,"63":1,"64":1,"65":1,"66":1,"67":1,"68":1,"69":1,"70":1,"71":1,"72":1,"73":1,"74":1,"75":1,"76":0,"77":0,"78":1,"79":1,"80":1,"81":1,"82":1,"83":1,"84":1,"85":1,"86":1,"87":1,"88":1,"89":1,"90":1,"91":1,"92":1,"93":1,"94":1,"95":1,"96":1,"97":1,"98":1,"99":1,"100":1,"101":1,"102":1,"103":1,"104":1,"105":1,"106":1,"107":1,"108":1,"109":1,"110":1,"111":1,"112":1,"113":1,"114":16,"115":16,"116":16,"117":16,"118":1,"119":1,"120":16,"121":16,"122":1,"123":16,"124":16,"125":1,"126":1,"127":16,"128":16,"129":1,"130":0,"131":0,"132":1,"133":1,"134":32,"135":32,"136":32,"138":32,"139":32,"140":32,"142":32,"143":13,"144":13,"145":19,"146":32,"147":1,"148":0,"149":0,"150":1,"151":1,"152":0,"153":0,"154":0,"155":0,"156":0,"157":0,"158":0,"159":0,"160":0,"161":1,"162":1,"163":1,"164":1,"165":0,"166":1,"167":0,"168":1,"169":0,"170":1,"171":0,"172":0,"173":1,"174":1,"175":1,"176":1,"177":1,"178":1},"branchMap":{"0":{"type":"branch","line":53,"loc":{"start":{"line":53,"column":0},"end":{"line":53,"column":8}},"locations":[{"start":{"line":53,"column":0},"end":{"line":53,"column":8}}]},"1":{"type":"branch","line":53,"loc":{"start":{"line":53,"column":0},"end":{"line":53,"column":8}},"locations":[{"start":{"line":53,"column":0},"end":{"line":53,"column":8}}]},"2":{"type":"branch","line":114,"loc":{"start":{"line":114,"column":2},"end":{"line":118,"column":4}},"locations":[{"start":{"line":114,"column":2},"end":{"line":118,"column":4}}]},"3":{"type":"branch","line":120,"loc":{"start":{"line":120,"column":4},"end":{"line":122,"column":6}},"locations":[{"start":{"line":120,"column":4},"end":{"line":122,"column":6}}]},"4":{"type":"branch","line":123,"loc":{"start":{"line":123,"column":4},"end":{"line":125,"column":6}},"locations":[{"start":{"line":123,"column":4},"end":{"line":125,"column":6}}]},"5":{"type":"branch","line":127,"loc":{"start":{"line":127,"column":2},"end":{"line":129,"column":4}},"locations":[{"start":{"line":127,"column":2},"end":{"line":129,"column":4}}]},"6":{"type":"branch","line":134,"loc":{"start":{"line":134,"column":4},"end":{"line":147,"column":6}},"locations":[{"start":{"line":134,"column":4},"end":{"line":147,"column":6}}]},"7":{"type":"branch","line":139,"loc":{"start":{"line":139,"column":31},"end":{"line":139,"column":50}},"locations":[{"start":{"line":139,"column":31},"end":{"line":139,"column":50}}]},"8":{"type":"branch","line":139,"loc":{"start":{"line":139,"column":45},"end":{"line":139,"column":56}},"locations":[{"start":{"line":139,"column":45},"end":{"line":139,"column":56}}]},"9":{"type":"branch","line":140,"loc":{"start":{"line":140,"column":35},"end":{"line":140,"column":56}},"locations":[{"start":{"line":140,"column":35},"end":{"line":140,"column":56}}]},"10":{"type":"branch","line":140,"loc":{"start":{"line":140,"column":51},"end":{"line":140,"column":64}},"locations":[{"start":{"line":140,"column":51},"end":{"line":140,"column":64}}]},"11":{"type":"branch","line":141,"loc":{"start":{"line":141,"column":35},"end":{"line":141,"column":56}},"locations":[{"start":{"line":141,"column":35},"end":{"line":141,"column":56}}]},"12":{"type":"branch","line":141,"loc":{"start":{"line":141,"column":51},"end":{"line":141,"column":64}},"locations":[{"start":{"line":141,"column":51},"end":{"line":141,"column":64}}]},"13":{"type":"branch","line":143,"loc":{"start":{"line":143,"column":21},"end":{"line":146,"column":43}},"locations":[{"start":{"line":143,"column":21},"end":{"line":146,"column":43}}]},"14":{"type":"branch","line":143,"loc":{"start":{"line":143,"column":21},"end":{"line":145,"column":7}},"locations":[{"start":{"line":143,"column":21},"end":{"line":145,"column":7}}]},"15":{"type":"branch","line":151,"loc":{"start":{"line":151,"column":4},"end":{"line":177,"column":6}},"locations":[{"start":{"line":151,"column":4},"end":{"line":177,"column":6}}]},"16":{"type":"branch","line":152,"loc":{"start":{"line":152,"column":29},"end":{"line":162,"column":13}},"locations":[{"start":{"line":152,"column":29},"end":{"line":162,"column":13}}]},"17":{"type":"branch","line":165,"loc":{"start":{"line":165,"column":36},"end":{"line":167,"column":21}},"locations":[{"start":{"line":165,"column":36},"end":{"line":167,"column":21}}]},"18":{"type":"branch","line":167,"loc":{"start":{"line":167,"column":49},"end":{"line":169,"column":21}},"locations":[{"start":{"line":167,"column":49},"end":{"line":169,"column":21}}]},"19":{"type":"branch","line":169,"loc":{"start":{"line":169,"column":46},"end":{"line":171,"column":21}},"locations":[{"start":{"line":169,"column":46},"end":{"line":171,"column":21}}]},"20":{"type":"branch","line":171,"loc":{"start":{"line":171,"column":45},"end":{"line":173,"column":11}},"locations":[{"start":{"line":171,"column":45},"end":{"line":173,"column":11}}]},"21":{"type":"branch","line":3,"loc":{"start":{"line":3,"column":42},"end":{"line":3,"column":66}},"locations":[{"start":{"line":3,"column":42},"end":{"line":3,"column":66}}]},"22":{"type":"branch","line":16,"loc":{"start":{"line":16,"column":12},"end":{"line":16,"column":26}},"locations":[{"start":{"line":16,"column":12},"end":{"line":16,"column":26}}]},"23":{"type":"branch","line":22,"loc":{"start":{"line":22,"column":35},"end":{"line":24,"column":15}},"locations":[{"start":{"line":22,"column":35},"end":{"line":24,"column":15}}]},"24":{"type":"branch","line":26,"loc":{"start":{"line":26,"column":42},"end":{"line":26,"column":66}},"locations":[{"start":{"line":26,"column":42},"end":{"line":26,"column":66}}]},"25":{"type":"branch","line":35,"loc":{"start":{"line":35,"column":12},"end":{"line":35,"column":60}},"locations":[{"start":{"line":35,"column":12},"end":{"line":35,"column":60}}]},"26":{"type":"branch","line":35,"loc":{"start":{"line":35,"column":32},"end":{"line":39,"column":22}},"locations":[{"start":{"line":35,"column":32},"end":{"line":39,"column":22}}]},"27":{"type":"branch","line":37,"loc":{"start":{"line":37,"column":12},"end":{"line":37,"column":47}},"locations":[{"start":{"line":37,"column":12},"end":{"line":37,"column":47}}]},"28":{"type":"branch","line":41,"loc":{"start":{"line":41,"column":48},"end":{"line":41,"column":73}},"locations":[{"start":{"line":41,"column":48},"end":{"line":41,"column":73}}]},"29":{"type":"branch","line":3,"loc":{"start":{"line":3,"column":22},"end":{"line":3,"column":64}},"locations":[{"start":{"line":3,"column":22},"end":{"line":3,"column":64}}]},"30":{"type":"branch","line":16,"loc":{"start":{"line":16,"column":12},"end":{"line":16,"column":26}},"locations":[{"start":{"line":16,"column":12},"end":{"line":16,"column":26}}]},"31":{"type":"branch","line":26,"loc":{"start":{"line":26,"column":22},"end":{"line":26,"column":64}},"locations":[{"start":{"line":26,"column":22},"end":{"line":26,"column":64}}]},"32":{"type":"branch","line":36,"loc":{"start":{"line":36,"column":16},"end":{"line":37,"column":46}},"locations":[{"start":{"line":36,"column":16},"end":{"line":37,"column":46}}]},"33":{"type":"branch","line":41,"loc":{"start":{"line":41,"column":22},"end":{"line":41,"column":71}},"locations":[{"start":{"line":41,"column":22},"end":{"line":41,"column":71}}]}},"b":{"0":[2],"1":[2],"2":[16],"3":[16],"4":[16],"5":[16],"6":[32],"7":[16],"8":[16],"9":[16],"10":[16],"11":[16],"12":[16],"13":[19],"14":[13],"15":[1],"16":[0],"17":[0],"18":[0],"19":[0],"20":[0],"21":[16],"22":[16],"23":[16],"24":[16],"25":[7],"26":[7],"27":[6],"28":[16],"29":[1],"30":[1],"31":[1],"32":[1],"33":[1]},"fnMap":{"0":{"name":"default","decl":{"start":{"line":76,"column":15},"end":{"line":78,"column":8}},"loc":{"start":{"line":76,"column":15},"end":{"line":78,"column":8}},"line":76},"1":{"name":"data","decl":{"start":{"line":114,"column":2},"end":{"line":118,"column":4}},"loc":{"start":{"line":114,"column":2},"end":{"line":118,"column":4}},"line":114},"2":{"name":"currentTimeFormatted","decl":{"start":{"line":120,"column":4},"end":{"line":122,"column":6}},"loc":{"start":{"line":120,"column":4},"end":{"line":122,"column":6}},"line":120},"3":{"name":"durationFormatted","decl":{"start":{"line":123,"column":4},"end":{"line":125,"column":6}},"loc":{"start":{"line":123,"column":4},"end":{"line":125,"column":6}},"line":123},"4":{"name":"mounted","decl":{"start":{"line":127,"column":2},"end":{"line":129,"column":4}},"loc":{"start":{"line":127,"column":2},"end":{"line":129,"column":4}},"line":127},"5":{"name":"beforeUnmount","decl":{"start":{"line":130,"column":2},"end":{"line":132,"column":4}},"loc":{"start":{"line":130,"column":2},"end":{"line":132,"column":4}},"line":130},"6":{"name":"formatTime","decl":{"start":{"line":134,"column":4},"end":{"line":147,"column":6}},"loc":{"start":{"line":134,"column":4},"end":{"line":147,"column":6}},"line":134},"7":{"name":"fullScreenChanged","decl":{"start":{"line":148,"column":4},"end":{"line":150,"column":6}},"loc":{"start":{"line":148,"column":4},"end":{"line":150,"column":6}},"line":148},"8":{"name":"toggleFullScreen","decl":{"start":{"line":151,"column":4},"end":{"line":177,"column":6}},"loc":{"start":{"line":151,"column":4},"end":{"line":177,"column":6}},"line":151},"9":{"name":"onInput._cache.<computed>._cache.<computed>","decl":{"start":{"line":16,"column":12},"end":{"line":16,"column":26}},"loc":{"start":{"line":16,"column":12},"end":{"line":16,"column":26}},"line":16}},"f":{"0":0,"1":16,"2":16,"3":16,"4":16,"5":0,"6":32,"7":0,"8":1,"9":1}}
,"A:\\Germingi\\Documents\\programming\\vue3-video-player\\lib\\components\\VideoPlayer.vue": {"path":"A:\\Germingi\\Documents\\programming\\vue3-video-player\\lib\\components\\VideoPlayer.vue","all":false,"statementMap":{"0":{"start":{"line":1,"column":0},"end":{"line":1,"column":10}},"1":{"start":{"line":2,"column":0},"end":{"line":2,"column":6}},"2":{"start":{"line":3,"column":0},"end":{"line":3,"column":27}},"3":{"start":{"line":4,"column":0},"end":{"line":4,"column":13}},"6":{"start":{"line":7,"column":0},"end":{"line":7,"column":36}},"7":{"start":{"line":8,"column":0},"end":{"line":8,"column":36}},"8":{"start":{"line":9,"column":0},"end":{"line":9,"column":41}},"10":{"start":{"line":11,"column":0},"end":{"line":11,"column":10}},"11":{"start":{"line":12,"column":0},"end":{"line":12,"column":26}},"12":{"start":{"line":13,"column":0},"end":{"line":13,"column":31}},"13":{"start":{"line":14,"column":0},"end":{"line":14,"column":35}},"14":{"start":{"line":15,"column":0},"end":{"line":15,"column":30}},"15":{"start":{"line":16,"column":0},"end":{"line":16,"column":47}},"16":{"start":{"line":17,"column":0},"end":{"line":17,"column":31}},"17":{"start":{"line":18,"column":0},"end":{"line":18,"column":31}},"18":{"start":{"line":19,"column":0},"end":{"line":19,"column":35}},"20":{"start":{"line":21,"column":0},"end":{"line":21,"column":49}},"22":{"start":{"line":23,"column":0},"end":{"line":23,"column":12}},"23":{"start":{"line":24,"column":0},"end":{"line":24,"column":22}},"24":{"start":{"line":25,"column":0},"end":{"line":25,"column":42}},"25":{"start":{"line":26,"column":0},"end":{"line":26,"column":33}},"26":{"start":{"line":27,"column":0},"end":{"line":27,"column":35}},"27":{"start":{"line":28,"column":0},"end":{"line":28,"column":29}},"28":{"start":{"line":29,"column":0},"end":{"line":29,"column":6}},"29":{"start":{"line":30,"column":0},"end":{"line":30,"column":70}},"30":{"start":{"line":31,"column":0},"end":{"line":31,"column":27}},"31":{"start":{"line":32,"column":0},"end":{"line":32,"column":26}},"32":{"start":{"line":33,"column":0},"end":{"line":33,"column":12}},"33":{"start":{"line":34,"column":0},"end":{"line":34,"column":10}},"34":{"start":{"line":35,"column":0},"end":{"line":35,"column":8}},"35":{"start":{"line":36,"column":0},"end":{"line":36,"column":22}},"36":{"start":{"line":37,"column":0},"end":{"line":37,"column":37}},"37":{"start":{"line":38,"column":0},"end":{"line":38,"column":31}},"39":{"start":{"line":40,"column":0},"end":{"line":40,"column":23}},"40":{"start":{"line":41,"column":0},"end":{"line":41,"column":48}},"41":{"start":{"line":42,"column":0},"end":{"line":42,"column":52}},"42":{"start":{"line":43,"column":0},"end":{"line":43,"column":52}},"43":{"start":{"line":44,"column":0},"end":{"line":44,"column":48}},"44":{"start":{"line":45,"column":0},"end":{"line":45,"column":49}},"45":{"start":{"line":46,"column":0},"end":{"line":46,"column":41}},"46":{"start":{"line":47,"column":0},"end":{"line":47,"column":67}},"47":{"start":{"line":48,"column":0},"end":{"line":48,"column":65}},"48":{"start":{"line":49,"column":0},"end":{"line":49,"column":8}},"49":{"start":{"line":50,"column":0},"end":{"line":50,"column":10}},"50":{"start":{"line":51,"column":0},"end":{"line":51,"column":18}},"51":{"start":{"line":52,"column":0},"end":{"line":52,"column":47}},"52":{"start":{"line":53,"column":0},"end":{"line":53,"column":28}},"53":{"start":{"line":54,"column":0},"end":{"line":54,"column":29}},"54":{"start":{"line":55,"column":0},"end":{"line":55,"column":67}},"55":{"start":{"line":56,"column":0},"end":{"line":56,"column":36}},"56":{"start":{"line":57,"column":0},"end":{"line":57,"column":38}},"57":{"start":{"line":58,"column":0},"end":{"line":58,"column":51}},"58":{"start":{"line":59,"column":0},"end":{"line":59,"column":45}},"59":{"start":{"line":60,"column":0},"end":{"line":60,"column":42}},"60":{"start":{"line":61,"column":0},"end":{"line":61,"column":42}},"61":{"start":{"line":62,"column":0},"end":{"line":62,"column":37}},"62":{"start":{"line":63,"column":0},"end":{"line":63,"column":47}},"63":{"start":{"line":64,"column":0},"end":{"line":64,"column":6}},"64":{"start":{"line":65,"column":0},"end":{"line":65,"column":8}},"68":{"start":{"line":69,"column":0},"end":{"line":69,"column":41}},"69":{"start":{"line":70,"column":0},"end":{"line":70,"column":56}},"70":{"start":{"line":71,"column":0},"end":{"line":71,"column":71}},"71":{"start":{"line":72,"column":0},"end":{"line":72,"column":48}},"72":{"start":{"line":73,"column":0},"end":{"line":73,"column":50}},"75":{"start":{"line":76,"column":0},"end":{"line":76,"column":32}},"90":{"start":{"line":91,"column":0},"end":{"line":91,"column":16}},"91":{"start":{"line":92,"column":0},"end":{"line":92,"column":22}},"92":{"start":{"line":93,"column":0},"end":{"line":93,"column":15}},"93":{"start":{"line":94,"column":0},"end":{"line":94,"column":19}},"94":{"start":{"line":95,"column":0},"end":{"line":95,"column":22}},"95":{"start":{"line":96,"column":0},"end":{"line":96,"column":21}},"96":{"start":{"line":97,"column":0},"end":{"line":97,"column":18}},"97":{"start":{"line":98,"column":0},"end":{"line":98,"column":4}},"98":{"start":{"line":99,"column":0},"end":{"line":99,"column":10}},"99":{"start":{"line":100,"column":0},"end":{"line":100,"column":16}},"100":{"start":{"line":101,"column":0},"end":{"line":101,"column":57}},"101":{"start":{"line":102,"column":0},"end":{"line":102,"column":20}},"102":{"start":{"line":103,"column":0},"end":{"line":103,"column":6}},"103":{"start":{"line":104,"column":0},"end":{"line":104,"column":18}},"104":{"start":{"line":105,"column":0},"end":{"line":105,"column":19}},"105":{"start":{"line":106,"column":0},"end":{"line":106,"column":19}},"106":{"start":{"line":107,"column":0},"end":{"line":107,"column":6}},"107":{"start":{"line":108,"column":0},"end":{"line":108,"column":17}},"108":{"start":{"line":109,"column":0},"end":{"line":109,"column":19}},"109":{"start":{"line":110,"column":0},"end":{"line":110,"column":20}},"110":{"start":{"line":111,"column":0},"end":{"line":111,"column":6}},"111":{"start":{"line":112,"column":0},"end":{"line":112,"column":15}},"112":{"start":{"line":113,"column":0},"end":{"line":113,"column":21}},"113":{"start":{"line":114,"column":0},"end":{"line":114,"column":19}},"114":{"start":{"line":115,"column":0},"end":{"line":115,"column":6}},"115":{"start":{"line":116,"column":0},"end":{"line":116,"column":4}},"116":{"start":{"line":117,"column":0},"end":{"line":117,"column":11}},"117":{"start":{"line":118,"column":0},"end":{"line":118,"column":68}},"118":{"start":{"line":119,"column":0},"end":{"line":119,"column":62}},"119":{"start":{"line":120,"column":0},"end":{"line":120,"column":12}},"120":{"start":{"line":121,"column":0},"end":{"line":121,"column":23}},"121":{"start":{"line":122,"column":0},"end":{"line":122,"column":21}},"122":{"start":{"line":123,"column":0},"end":{"line":123,"column":6}},"123":{"start":{"line":124,"column":0},"end":{"line":124,"column":4}},"124":{"start":{"line":125,"column":0},"end":{"line":125,"column":10}},"125":{"start":{"line":126,"column":0},"end":{"line":126,"column":12}},"126":{"start":{"line":127,"column":0},"end":{"line":127,"column":28}},"127":{"start":{"line":128,"column":0},"end":{"line":128,"column":21}},"128":{"start":{"line":129,"column":0},"end":{"line":129,"column":29}},"129":{"start":{"line":130,"column":0},"end":{"line":130,"column":36}},"130":{"start":{"line":131,"column":0},"end":{"line":131,"column":63}},"131":{"start":{"line":132,"column":0},"end":{"line":132,"column":30}},"133":{"start":{"line":134,"column":0},"end":{"line":134,"column":26}},"134":{"start":{"line":135,"column":0},"end":{"line":135,"column":26}},"135":{"start":{"line":136,"column":0},"end":{"line":136,"column":19}},"136":{"start":{"line":137,"column":0},"end":{"line":137,"column":6}},"137":{"start":{"line":138,"column":0},"end":{"line":138,"column":4}},"138":{"start":{"line":139,"column":0},"end":{"line":139,"column":10}},"139":{"start":{"line":140,"column":0},"end":{"line":140,"column":19}},"140":{"start":{"line":141,"column":0},"end":{"line":141,"column":43}},"141":{"start":{"line":142,"column":0},"end":{"line":142,"column":28}},"142":{"start":{"line":143,"column":0},"end":{"line":143,"column":28}},"143":{"start":{"line":144,"column":0},"end":{"line":144,"column":7}},"144":{"start":{"line":145,"column":0},"end":{"line":145,"column":6}},"145":{"start":{"line":146,"column":0},"end":{"line":146,"column":4}},"146":{"start":{"line":147,"column":0},"end":{"line":147,"column":13}},"147":{"start":{"line":148,"column":0},"end":{"line":148,"column":41}},"149":{"start":{"line":150,"column":0},"end":{"line":150,"column":65}},"150":{"start":{"line":151,"column":0},"end":{"line":151,"column":4}},"151":{"start":{"line":152,"column":0},"end":{"line":152,"column":19}},"152":{"start":{"line":153,"column":0},"end":{"line":153,"column":68}},"153":{"start":{"line":154,"column":0},"end":{"line":154,"column":4}},"154":{"start":{"line":155,"column":0},"end":{"line":155,"column":12}},"155":{"start":{"line":156,"column":0},"end":{"line":156,"column":23}},"156":{"start":{"line":157,"column":0},"end":{"line":157,"column":57}},"157":{"start":{"line":158,"column":0},"end":{"line":158,"column":6}},"158":{"start":{"line":159,"column":0},"end":{"line":159,"column":25}},"160":{"start":{"line":161,"column":0},"end":{"line":161,"column":41}},"161":{"start":{"line":162,"column":0},"end":{"line":162,"column":62}},"162":{"start":{"line":163,"column":0},"end":{"line":163,"column":7}},"163":{"start":{"line":164,"column":0},"end":{"line":164,"column":6}},"164":{"start":{"line":165,"column":0},"end":{"line":165,"column":27}},"167":{"start":{"line":168,"column":0},"end":{"line":168,"column":41}},"169":{"start":{"line":170,"column":0},"end":{"line":170,"column":29}},"171":{"start":{"line":172,"column":0},"end":{"line":172,"column":43}},"172":{"start":{"line":173,"column":0},"end":{"line":173,"column":6}},"173":{"start":{"line":174,"column":0},"end":{"line":174,"column":35}},"174":{"start":{"line":175,"column":0},"end":{"line":175,"column":65}},"176":{"start":{"line":177,"column":0},"end":{"line":177,"column":41}},"177":{"start":{"line":178,"column":0},"end":{"line":178,"column":45}},"178":{"start":{"line":179,"column":0},"end":{"line":179,"column":7}},"179":{"start":{"line":180,"column":0},"end":{"line":180,"column":6}},"180":{"start":{"line":181,"column":0},"end":{"line":181,"column":46}},"181":{"start":{"line":182,"column":0},"end":{"line":182,"column":32}},"182":{"start":{"line":183,"column":0},"end":{"line":183,"column":54}},"183":{"start":{"line":184,"column":0},"end":{"line":184,"column":7}},"184":{"start":{"line":185,"column":0},"end":{"line":185,"column":6}},"185":{"start":{"line":186,"column":0},"end":{"line":186,"column":37}},"186":{"start":{"line":187,"column":0},"end":{"line":187,"column":40}},"187":{"start":{"line":188,"column":0},"end":{"line":188,"column":31}},"188":{"start":{"line":189,"column":0},"end":{"line":189,"column":27}},"189":{"start":{"line":190,"column":0},"end":{"line":190,"column":8}},"190":{"start":{"line":191,"column":0},"end":{"line":191,"column":6}},"191":{"start":{"line":192,"column":0},"end":{"line":192,"column":23}},"192":{"start":{"line":193,"column":0},"end":{"line":193,"column":32}},"193":{"start":{"line":194,"column":0},"end":{"line":194,"column":45}},"194":{"start":{"line":195,"column":0},"end":{"line":195,"column":41}},"195":{"start":{"line":196,"column":0},"end":{"line":196,"column":35}},"196":{"start":{"line":197,"column":0},"end":{"line":197,"column":16}},"197":{"start":{"line":198,"column":0},"end":{"line":198,"column":41}},"198":{"start":{"line":199,"column":0},"end":{"line":199,"column":36}},"199":{"start":{"line":200,"column":0},"end":{"line":200,"column":9}},"200":{"start":{"line":201,"column":0},"end":{"line":201,"column":7}},"201":{"start":{"line":202,"column":0},"end":{"line":202,"column":6}},"202":{"start":{"line":203,"column":0},"end":{"line":203,"column":23}},"203":{"start":{"line":204,"column":0},"end":{"line":204,"column":32}},"204":{"start":{"line":205,"column":0},"end":{"line":205,"column":41}},"205":{"start":{"line":206,"column":0},"end":{"line":206,"column":37}},"206":{"start":{"line":207,"column":0},"end":{"line":207,"column":37}},"207":{"start":{"line":208,"column":0},"end":{"line":208,"column":16}},"208":{"start":{"line":209,"column":0},"end":{"line":209,"column":38}},"209":{"start":{"line":210,"column":0},"end":{"line":210,"column":36}},"210":{"start":{"line":211,"column":0},"end":{"line":211,"column":9}},"211":{"start":{"line":212,"column":0},"end":{"line":212,"column":7}},"212":{"start":{"line":213,"column":0},"end":{"line":213,"column":6}},"213":{"start":{"line":214,"column":0},"end":{"line":214,"column":23}},"214":{"start":{"line":215,"column":0},"end":{"line":215,"column":32}},"215":{"start":{"line":216,"column":0},"end":{"line":216,"column":57}},"216":{"start":{"line":217,"column":0},"end":{"line":217,"column":7}},"217":{"start":{"line":218,"column":0},"end":{"line":218,"column":6}},"218":{"start":{"line":219,"column":0},"end":{"line":219,"column":4}},"219":{"start":{"line":220,"column":0},"end":{"line":220,"column":2}}},"s":{"0":11,"1":11,"2":11,"3":11,"6":11,"7":11,"8":11,"10":11,"11":11,"12":11,"13":11,"14":11,"15":11,"16":11,"17":11,"18":11,"20":11,"22":11,"23":1,"24":1,"25":1,"26":1,"27":1,"28":1,"29":1,"30":1,"31":1,"32":1,"33":1,"34":1,"35":1,"36":1,"37":1,"39":1,"40":1,"41":1,"42":1,"43":1,"44":1,"45":1,"46":1,"47":1,"48":1,"49":1,"50":1,"51":1,"52":3,"53":3,"54":3,"55":3,"56":3,"57":3,"58":3,"59":3,"60":3,"61":3,"62":3,"63":1,"64":1,"68":1,"69":1,"70":1,"71":1,"72":1,"75":1,"90":1,"91":1,"92":1,"93":1,"94":1,"95":1,"96":1,"97":1,"98":1,"99":1,"100":1,"101":1,"102":1,"103":1,"104":1,"105":1,"106":1,"107":1,"108":1,"109":1,"110":1,"111":1,"112":1,"113":1,"114":1,"115":1,"116":1,"117":11,"118":11,"119":11,"120":11,"121":11,"122":11,"123":11,"124":1,"125":11,"126":11,"127":11,"128":11,"129":11,"130":11,"131":11,"133":11,"134":11,"135":11,"136":11,"137":11,"138":1,"139":1,"140":0,"141":0,"142":0,"143":0,"144":0,"145":1,"146":1,"147":11,"149":11,"150":11,"151":1,"152":0,"153":0,"154":1,"155":1,"156":0,"157":0,"158":1,"160":0,"161":0,"162":0,"163":0,"164":1,"167":0,"169":0,"171":0,"172":0,"173":1,"174":0,"176":0,"177":0,"178":0,"179":0,"180":1,"181":0,"182":0,"183":0,"184":0,"185":1,"186":11,"187":11,"188":11,"189":11,"190":11,"191":1,"192":0,"193":0,"194":0,"195":0,"196":0,"197":0,"198":0,"199":0,"200":0,"201":0,"202":1,"203":0,"204":0,"205":0,"206":0,"207":0,"208":0,"209":0,"210":0,"211":0,"212":0,"213":1,"214":0,"215":0,"216":0,"217":0,"218":1,"219":1},"branchMap":{"0":{"type":"branch","line":69,"loc":{"start":{"line":69,"column":0},"end":{"line":70,"column":56}},"locations":[{"start":{"line":69,"column":0},"end":{"line":70,"column":56}}]},"1":{"type":"branch","line":69,"loc":{"start":{"line":69,"column":0},"end":{"line":70,"column":56}},"locations":[{"start":{"line":69,"column":0},"end":{"line":70,"column":56}}]},"2":{"type":"branch","line":117,"loc":{"start":{"line":117,"column":2},"end":{"line":124,"column":4}},"locations":[{"start":{"line":117,"column":2},"end":{"line":124,"column":4}}]},"3":{"type":"branch","line":125,"loc":{"start":{"line":125,"column":2},"end":{"line":138,"column":4}},"locations":[{"start":{"line":125,"column":2},"end":{"line":138,"column":4}}]},"4":{"type":"branch","line":147,"loc":{"start":{"line":147,"column":2},"end":{"line":151,"column":4}},"locations":[{"start":{"line":147,"column":2},"end":{"line":151,"column":4}}]},"5":{"type":"branch","line":186,"loc":{"start":{"line":186,"column":4},"end":{"line":191,"column":6}},"locations":[{"start":{"line":186,"column":4},"end":{"line":191,"column":6}}]},"6":{"type":"branch","line":7,"loc":{"start":{"line":7,"column":14},"end":{"line":7,"column":36}},"locations":[{"start":{"line":7,"column":14},"end":{"line":7,"column":36}}]},"7":{"type":"branch","line":8,"loc":{"start":{"line":8,"column":14},"end":{"line":8,"column":36}},"locations":[{"start":{"line":8,"column":14},"end":{"line":8,"column":36}}]},"8":{"type":"branch","line":9,"loc":{"start":{"line":9,"column":14},"end":{"line":9,"column":41}},"locations":[{"start":{"line":9,"column":14},"end":{"line":9,"column":41}}]},"9":{"type":"branch","line":15,"loc":{"start":{"line":15,"column":12},"end":{"line":15,"column":30}},"locations":[{"start":{"line":15,"column":12},"end":{"line":15,"column":30}}]},"10":{"type":"branch","line":16,"loc":{"start":{"line":16,"column":21},"end":{"line":16,"column":47}},"locations":[{"start":{"line":16,"column":21},"end":{"line":16,"column":47}}]},"11":{"type":"branch","line":17,"loc":{"start":{"line":17,"column":14},"end":{"line":17,"column":31}},"locations":[{"start":{"line":17,"column":14},"end":{"line":17,"column":31}}]},"12":{"type":"branch","line":18,"loc":{"start":{"line":18,"column":13},"end":{"line":18,"column":31}},"locations":[{"start":{"line":18,"column":13},"end":{"line":18,"column":31}}]},"13":{"type":"branch","line":19,"loc":{"start":{"line":19,"column":17},"end":{"line":19,"column":35}},"locations":[{"start":{"line":19,"column":17},"end":{"line":19,"column":35}}]},"14":{"type":"branch","line":1,"loc":{"start":{"line":1,"column":0},"end":{"line":23,"column":12}},"locations":[{"start":{"line":1,"column":0},"end":{"line":23,"column":12}}]},"15":{"type":"branch","line":27,"loc":{"start":{"line":27,"column":24},"end":{"line":27,"column":35}},"locations":[{"start":{"line":27,"column":24},"end":{"line":27,"column":35}}]},"16":{"type":"branch","line":30,"loc":{"start":{"line":30,"column":17},"end":{"line":30,"column":43}},"locations":[{"start":{"line":30,"column":17},"end":{"line":30,"column":43}}]},"17":{"type":"branch","line":37,"loc":{"start":{"line":37,"column":36},"end":{"line":37,"column":37}},"locations":[{"start":{"line":37,"column":36},"end":{"line":37,"column":37}}]},"18":{"type":"branch","line":52,"loc":{"start":{"line":52,"column":13},"end":{"line":52,"column":47}},"locations":[{"start":{"line":52,"column":13},"end":{"line":52,"column":47}}]},"19":{"type":"branch","line":52,"loc":{"start":{"line":52,"column":32},"end":{"line":63,"column":47}},"locations":[{"start":{"line":52,"column":32},"end":{"line":63,"column":47}}]},"20":{"type":"branch","line":63,"loc":{"start":{"line":63,"column":38},"end":{"line":63,"column":47}},"locations":[{"start":{"line":63,"column":38},"end":{"line":63,"column":47}}]}},"b":{"0":[1],"1":[1],"2":[11],"3":[11],"4":[11],"5":[11],"6":[11],"7":[11],"8":[11],"9":[11],"10":[11],"11":[11],"12":[11],"13":[11],"14":[11],"15":[1],"16":[3],"17":[0],"18":[3],"19":[3],"20":[12]},"fnMap":{"0":{"name":"setup","decl":{"start":{"line":117,"column":2},"end":{"line":124,"column":4}},"loc":{"start":{"line":117,"column":2},"end":{"line":124,"column":4}},"line":117},"1":{"name":"data","decl":{"start":{"line":125,"column":2},"end":{"line":138,"column":4}},"loc":{"start":{"line":125,"column":2},"end":{"line":138,"column":4}},"line":125},"2":{"name":"videoUrl","decl":{"start":{"line":140,"column":4},"end":{"line":145,"column":6}},"loc":{"start":{"line":140,"column":4},"end":{"line":145,"column":6}},"line":140},"3":{"name":"mounted","decl":{"start":{"line":147,"column":2},"end":{"line":151,"column":4}},"loc":{"start":{"line":147,"column":2},"end":{"line":151,"column":4}},"line":147},"4":{"name":"beforeUnmount","decl":{"start":{"line":152,"column":2},"end":{"line":154,"column":4}},"loc":{"start":{"line":152,"column":2},"end":{"line":154,"column":4}},"line":152},"5":{"name":"controlsSlideUp","decl":{"start":{"line":156,"column":4},"end":{"line":158,"column":6}},"loc":{"start":{"line":156,"column":4},"end":{"line":158,"column":6}},"line":156},"6":{"name":"controlsSlideDown","decl":{"start":{"line":159,"column":4},"end":{"line":164,"column":6}},"loc":{"start":{"line":159,"column":4},"end":{"line":164,"column":6}},"line":159},"7":{"name":"handleShowFunctions","decl":{"start":{"line":165,"column":4},"end":{"line":173,"column":6}},"loc":{"start":{"line":165,"column":4},"end":{"line":173,"column":6}},"line":165},"8":{"name":"handleSubtitleSelectorClick","decl":{"start":{"line":174,"column":4},"end":{"line":180,"column":6}},"loc":{"start":{"line":174,"column":4},"end":{"line":180,"column":6}},"line":174},"9":{"name":"setVideoCurrentTime","decl":{"start":{"line":181,"column":4},"end":{"line":185,"column":6}},"loc":{"start":{"line":181,"column":4},"end":{"line":185,"column":6}},"line":181},"10":{"name":"startHideVideoControlsTimeout","decl":{"start":{"line":186,"column":4},"end":{"line":191,"column":6}},"loc":{"start":{"line":186,"column":4},"end":{"line":191,"column":6}},"line":186},"11":{"name":"toggleVideoMute","decl":{"start":{"line":192,"column":4},"end":{"line":202,"column":6}},"loc":{"start":{"line":192,"column":4},"end":{"line":202,"column":6}},"line":192},"12":{"name":"toggleVideoPlay","decl":{"start":{"line":203,"column":4},"end":{"line":213,"column":6}},"loc":{"start":{"line":203,"column":4},"end":{"line":213,"column":6}},"line":203},"13":{"name":"updateVideoTime","decl":{"start":{"line":214,"column":4},"end":{"line":218,"column":6}},"loc":{"start":{"line":214,"column":4},"end":{"line":218,"column":6}},"line":214},"14":{"name":"onMousedown._cache.<computed>._cache.<computed>","decl":{"start":{"line":7,"column":14},"end":{"line":7,"column":36}},"loc":{"start":{"line":7,"column":14},"end":{"line":7,"column":36}},"line":7},"15":{"name":"onMousemove._cache.<computed>._cache.<computed>","decl":{"start":{"line":8,"column":14},"end":{"line":8,"column":36}},"loc":{"start":{"line":8,"column":14},"end":{"line":8,"column":36}},"line":8},"16":{"name":"onClick._cache.<computed>._cache.<computed>","decl":{"start":{"line":15,"column":12},"end":{"line":15,"column":30}},"loc":{"start":{"line":15,"column":12},"end":{"line":15,"column":30}},"line":15},"17":{"name":"onLoadedmetadata._cache.<computed>._cache.<computed>","decl":{"start":{"line":16,"column":21},"end":{"line":16,"column":47}},"loc":{"start":{"line":16,"column":21},"end":{"line":16,"column":47}},"line":16},"18":{"name":"onSeeking._cache.<computed>._cache.<computed>","decl":{"start":{"line":17,"column":14},"end":{"line":17,"column":31}},"loc":{"start":{"line":17,"column":14},"end":{"line":17,"column":31}},"line":17},"19":{"name":"onSeeked._cache.<computed>._cache.<computed>","decl":{"start":{"line":18,"column":13},"end":{"line":18,"column":31}},"loc":{"start":{"line":18,"column":13},"end":{"line":18,"column":31}},"line":18},"20":{"name":"onTimeupdate._cache.<computed>._cache.<computed>","decl":{"start":{"line":19,"column":17},"end":{"line":19,"column":35}},"loc":{"start":{"line":19,"column":17},"end":{"line":19,"column":35}},"line":19}},"f":{"0":11,"1":11,"2":0,"3":11,"4":0,"5":0,"6":0,"7":0,"8":0,"9":0,"10":11,"11":0,"12":0,"13":0,"14":0,"15":0,"16":0,"17":0,"18":0,"19":0,"20":0}}
,"A:\\Germingi\\Documents\\programming\\vue3-video-player\\lib\\components\\SubtitleSelector\\LanguageSelector.vue": {"path":"A:\\Germingi\\Documents\\programming\\vue3-video-player\\lib\\components\\SubtitleSelector\\LanguageSelector.vue","all":false,"statementMap":{"0":{"start":{"line":1,"column":0},"end":{"line":1,"column":10}},"1":{"start":{"line":2,"column":0},"end":{"line":2,"column":33}},"2":{"start":{"line":3,"column":0},"end":{"line":3,"column":11}},"3":{"start":{"line":4,"column":0},"end":{"line":4,"column":48}},"4":{"start":{"line":5,"column":0},"end":{"line":5,"column":37}},"6":{"start":{"line":7,"column":0},"end":{"line":7,"column":35}},"7":{"start":{"line":8,"column":0},"end":{"line":8,"column":13}},"8":{"start":{"line":9,"column":0},"end":{"line":9,"column":11}},"9":{"start":{"line":10,"column":0},"end":{"line":10,"column":49}},"10":{"start":{"line":11,"column":0},"end":{"line":11,"column":37}},"12":{"start":{"line":13,"column":0},"end":{"line":13,"column":35}},"13":{"start":{"line":14,"column":0},"end":{"line":14,"column":13}},"14":{"start":{"line":15,"column":0},"end":{"line":15,"column":8}},"20":{"start":{"line":21,"column":0},"end":{"line":21,"column":16}},"21":{"start":{"line":22,"column":0},"end":{"line":22,"column":10}},"22":{"start":{"line":23,"column":0},"end":{"line":23,"column":16}},"23":{"start":{"line":24,"column":0},"end":{"line":24,"column":21}},"24":{"start":{"line":25,"column":0},"end":{"line":25,"column":39}},"25":{"start":{"line":26,"column":0},"end":{"line":26,"column":6}},"26":{"start":{"line":27,"column":0},"end":{"line":27,"column":16}},"27":{"start":{"line":28,"column":0},"end":{"line":28,"column":21}},"28":{"start":{"line":29,"column":0},"end":{"line":29,"column":39}},"29":{"start":{"line":30,"column":0},"end":{"line":30,"column":6}},"30":{"start":{"line":31,"column":0},"end":{"line":31,"column":26}},"31":{"start":{"line":32,"column":0},"end":{"line":32,"column":21}},"32":{"start":{"line":33,"column":0},"end":{"line":33,"column":41}},"33":{"start":{"line":34,"column":0},"end":{"line":34,"column":6}},"34":{"start":{"line":35,"column":0},"end":{"line":35,"column":18}},"35":{"start":{"line":36,"column":0},"end":{"line":36,"column":21}},"36":{"start":{"line":37,"column":0},"end":{"line":37,"column":61}},"37":{"start":{"line":38,"column":0},"end":{"line":38,"column":6}},"38":{"start":{"line":39,"column":0},"end":{"line":39,"column":4}},"39":{"start":{"line":40,"column":0},"end":{"line":40,"column":2}}},"s":{"0":1,"1":1,"2":1,"3":1,"4":1,"6":1,"7":1,"8":1,"9":1,"10":1,"12":1,"13":1,"14":1,"20":1,"21":1,"22":1,"23":1,"24":1,"25":1,"26":1,"27":1,"28":1,"29":1,"30":1,"31":1,"32":1,"33":1,"34":1,"35":1,"36":1,"37":1,"38":1,"39":1},"branchMap":{"0":{"type":"branch","line":21,"loc":{"start":{"line":21,"column":0},"end":{"line":21,"column":5}},"locations":[{"start":{"line":21,"column":0},"end":{"line":21,"column":5}}]},"1":{"type":"branch","line":21,"loc":{"start":{"line":21,"column":0},"end":{"line":21,"column":5}},"locations":[{"start":{"line":21,"column":0},"end":{"line":21,"column":5}}]},"2":{"type":"branch","line":5,"loc":{"start":{"line":5,"column":12},"end":{"line":5,"column":37}},"locations":[{"start":{"line":5,"column":12},"end":{"line":5,"column":37}}]},"3":{"type":"branch","line":11,"loc":{"start":{"line":11,"column":12},"end":{"line":11,"column":37}},"locations":[{"start":{"line":11,"column":12},"end":{"line":11,"column":37}}]},"4":{"type":"branch","line":11,"loc":{"start":{"line":11,"column":12},"end":{"line":11,"column":37}},"locations":[{"start":{"line":11,"column":12},"end":{"line":11,"column":37}}]}},"b":{"0":[4],"1":[4],"2":[6],"3":[6],"4":[1]},"fnMap":{"0":{"name":"onClick._cache.<computed>._cache.<computed>","decl":{"start":{"line":5,"column":12},"end":{"line":5,"column":37}},"loc":{"start":{"line":5,"column":12},"end":{"line":5,"column":37}},"line":5},"1":{"name":"onClick._cache.<computed>._cache.<computed>","decl":{"start":{"line":11,"column":12},"end":{"line":11,"column":37}},"loc":{"start":{"line":11,"column":12},"end":{"line":11,"column":37}},"line":11}},"f":{"0":0,"1":1}}
,"A:\\Germingi\\Documents\\programming\\vue3-video-player\\lib\\components\\SubtitleSelector\\SubtitleSelector.vue": {"path":"A:\\Germingi\\Documents\\programming\\vue3-video-player\\lib\\components\\SubtitleSelector\\SubtitleSelector.vue","all":false,"statementMap":{"1":{"start":{"line":2,"column":0},"end":{"line":2,"column":43}},"2":{"start":{"line":3,"column":0},"end":{"line":3,"column":30}},"3":{"start":{"line":4,"column":0},"end":{"line":4,"column":54}},"4":{"start":{"line":5,"column":0},"end":{"line":5,"column":52}},"5":{"start":{"line":6,"column":0},"end":{"line":6,"column":41}},"6":{"start":{"line":7,"column":0},"end":{"line":7,"column":6}},"7":{"start":{"line":8,"column":0},"end":{"line":8,"column":26}},"8":{"start":{"line":9,"column":0},"end":{"line":9,"column":39}},"9":{"start":{"line":10,"column":0},"end":{"line":10,"column":43}},"10":{"start":{"line":11,"column":0},"end":{"line":11,"column":43}},"11":{"start":{"line":12,"column":0},"end":{"line":12,"column":39}},"12":{"start":{"line":13,"column":0},"end":{"line":13,"column":28}},"13":{"start":{"line":14,"column":0},"end":{"line":14,"column":6}},"14":{"start":{"line":15,"column":0},"end":{"line":15,"column":8}},"19":{"start":{"line":20,"column":0},"end":{"line":20,"column":72}},"20":{"start":{"line":21,"column":0},"end":{"line":21,"column":64}},"23":{"start":{"line":24,"column":0},"end":{"line":24,"column":16}},"24":{"start":{"line":25,"column":0},"end":{"line":25,"column":15}},"25":{"start":{"line":26,"column":0},"end":{"line":26,"column":30}},"26":{"start":{"line":27,"column":0},"end":{"line":27,"column":26}},"27":{"start":{"line":28,"column":0},"end":{"line":28,"column":4}},"28":{"start":{"line":29,"column":0},"end":{"line":29,"column":10}},"29":{"start":{"line":30,"column":0},"end":{"line":30,"column":28}},"30":{"start":{"line":31,"column":0},"end":{"line":31,"column":22}},"31":{"start":{"line":32,"column":0},"end":{"line":32,"column":39}},"32":{"start":{"line":33,"column":0},"end":{"line":33,"column":20}},"33":{"start":{"line":34,"column":0},"end":{"line":34,"column":6}},"34":{"start":{"line":35,"column":0},"end":{"line":35,"column":27}},"35":{"start":{"line":36,"column":0},"end":{"line":36,"column":22}},"36":{"start":{"line":37,"column":0},"end":{"line":37,"column":39}},"37":{"start":{"line":38,"column":0},"end":{"line":38,"column":20}},"38":{"start":{"line":39,"column":0},"end":{"line":39,"column":6}},"39":{"start":{"line":40,"column":0},"end":{"line":40,"column":21}},"40":{"start":{"line":41,"column":0},"end":{"line":41,"column":21}},"41":{"start":{"line":42,"column":0},"end":{"line":42,"column":63}},"42":{"start":{"line":43,"column":0},"end":{"line":43,"column":6}},"43":{"start":{"line":44,"column":0},"end":{"line":44,"column":23}},"44":{"start":{"line":45,"column":0},"end":{"line":45,"column":21}},"45":{"start":{"line":46,"column":0},"end":{"line":46,"column":63}},"46":{"start":{"line":47,"column":0},"end":{"line":47,"column":6}},"47":{"start":{"line":48,"column":0},"end":{"line":48,"column":23}},"48":{"start":{"line":49,"column":0},"end":{"line":49,"column":21}},"49":{"start":{"line":50,"column":0},"end":{"line":50,"column":63}},"50":{"start":{"line":51,"column":0},"end":{"line":51,"column":6}},"51":{"start":{"line":52,"column":0},"end":{"line":52,"column":21}},"52":{"start":{"line":53,"column":0},"end":{"line":53,"column":21}},"53":{"start":{"line":54,"column":0},"end":{"line":54,"column":63}},"54":{"start":{"line":55,"column":0},"end":{"line":55,"column":6}},"55":{"start":{"line":56,"column":0},"end":{"line":56,"column":22}},"56":{"start":{"line":57,"column":0},"end":{"line":57,"column":21}},"57":{"start":{"line":58,"column":0},"end":{"line":58,"column":33}},"60":{"start":{"line":61,"column":0},"end":{"line":61,"column":6}},"61":{"start":{"line":62,"column":0},"end":{"line":62,"column":16}},"62":{"start":{"line":63,"column":0},"end":{"line":63,"column":21}},"63":{"start":{"line":64,"column":0},"end":{"line":64,"column":46}},"64":{"start":{"line":65,"column":0},"end":{"line":65,"column":6}},"65":{"start":{"line":66,"column":0},"end":{"line":66,"column":4}},"66":{"start":{"line":67,"column":0},"end":{"line":67,"column":2}}},"s":{"1":1,"2":1,"3":1,"4":1,"5":1,"6":1,"7":1,"8":1,"9":1,"10":1,"11":1,"12":1,"13":1,"14":1,"19":2,"20":2,"23":1,"24":1,"25":1,"26":1,"27":1,"28":1,"29":1,"30":1,"31":1,"32":1,"33":1,"34":1,"35":1,"36":1,"37":1,"38":1,"39":1,"40":1,"41":1,"42":1,"43":1,"44":1,"45":1,"46":1,"47":1,"48":1,"49":1,"50":1,"51":1,"52":1,"53":1,"54":1,"55":1,"56":1,"57":1,"60":1,"61":1,"62":1,"63":1,"64":1,"65":1,"66":1},"branchMap":{"0":{"type":"branch","line":20,"loc":{"start":{"line":20,"column":0},"end":{"line":21,"column":64}},"locations":[{"start":{"line":20,"column":0},"end":{"line":21,"column":64}}]},"1":{"type":"branch","line":20,"loc":{"start":{"line":20,"column":0},"end":{"line":21,"column":64}},"locations":[{"start":{"line":20,"column":0},"end":{"line":21,"column":64}}]}},"b":{"0":[2],"1":[2]},"fnMap":{},"f":{}}
,"A:\\Germingi\\Documents\\programming\\vue3-video-player\\lib\\components\\SubtitleSelector\\SubtitleSelectorEntry.vue": {"path":"A:\\Germingi\\Documents\\programming\\vue3-video-player\\lib\\components\\SubtitleSelector\\SubtitleSelectorEntry.vue","all":false,"statementMap":{"0":{"start":{"line":1,"column":0},"end":{"line":1,"column":10}},"1":{"start":{"line":2,"column":0},"end":{"line":2,"column":5}},"2":{"start":{"line":3,"column":0},"end":{"line":3,"column":13}},"6":{"start":{"line":7,"column":0},"end":{"line":7,"column":21}},"7":{"start":{"line":8,"column":0},"end":{"line":8,"column":44}},"8":{"start":{"line":9,"column":0},"end":{"line":9,"column":52}},"9":{"start":{"line":10,"column":0},"end":{"line":10,"column":15}},"10":{"start":{"line":11,"column":0},"end":{"line":11,"column":9}},"11":{"start":{"line":12,"column":0},"end":{"line":12,"column":52}},"12":{"start":{"line":13,"column":0},"end":{"line":13,"column":21}},"13":{"start":{"line":14,"column":0},"end":{"line":14,"column":10}},"14":{"start":{"line":15,"column":0},"end":{"line":15,"column":40}},"15":{"start":{"line":16,"column":0},"end":{"line":16,"column":48}},"17":{"start":{"line":18,"column":0},"end":{"line":18,"column":26}},"18":{"start":{"line":19,"column":0},"end":{"line":19,"column":12}},"19":{"start":{"line":20,"column":0},"end":{"line":20,"column":13}},"20":{"start":{"line":21,"column":0},"end":{"line":21,"column":61}},"21":{"start":{"line":22,"column":0},"end":{"line":22,"column":42}},"22":{"start":{"line":23,"column":0},"end":{"line":23,"column":49}},"24":{"start":{"line":25,"column":0},"end":{"line":25,"column":21}},"25":{"start":{"line":26,"column":0},"end":{"line":26,"column":15}},"26":{"start":{"line":27,"column":0},"end":{"line":27,"column":13}},"27":{"start":{"line":28,"column":0},"end":{"line":28,"column":35}},"28":{"start":{"line":29,"column":0},"end":{"line":29,"column":44}},"29":{"start":{"line":30,"column":0},"end":{"line":30,"column":51}},"31":{"start":{"line":32,"column":0},"end":{"line":32,"column":29}},"32":{"start":{"line":33,"column":0},"end":{"line":33,"column":15}},"33":{"start":{"line":34,"column":0},"end":{"line":34,"column":9}},"34":{"start":{"line":35,"column":0},"end":{"line":35,"column":7}},"38":{"start":{"line":39,"column":0},"end":{"line":39,"column":53}},"39":{"start":{"line":40,"column":0},"end":{"line":40,"column":40}},"40":{"start":{"line":41,"column":0},"end":{"line":41,"column":73}},"41":{"start":{"line":42,"column":0},"end":{"line":42,"column":51}},"44":{"start":{"line":45,"column":0},"end":{"line":45,"column":51}},"46":{"start":{"line":47,"column":0},"end":{"line":47,"column":16}},"47":{"start":{"line":48,"column":0},"end":{"line":48,"column":15}},"48":{"start":{"line":49,"column":0},"end":{"line":49,"column":22}},"49":{"start":{"line":50,"column":0},"end":{"line":50,"column":22}},"50":{"start":{"line":51,"column":0},"end":{"line":51,"column":19}},"51":{"start":{"line":52,"column":0},"end":{"line":52,"column":14}},"52":{"start":{"line":53,"column":0},"end":{"line":53,"column":4}},"53":{"start":{"line":54,"column":0},"end":{"line":54,"column":10}},"54":{"start":{"line":55,"column":0},"end":{"line":55,"column":21}},"55":{"start":{"line":56,"column":0},"end":{"line":56,"column":21}},"56":{"start":{"line":57,"column":0},"end":{"line":57,"column":63}},"57":{"start":{"line":58,"column":0},"end":{"line":58,"column":6}},"58":{"start":{"line":59,"column":0},"end":{"line":59,"column":23}},"59":{"start":{"line":60,"column":0},"end":{"line":60,"column":21}},"60":{"start":{"line":61,"column":0},"end":{"line":61,"column":63}},"61":{"start":{"line":62,"column":0},"end":{"line":62,"column":6}},"62":{"start":{"line":63,"column":0},"end":{"line":63,"column":23}},"63":{"start":{"line":64,"column":0},"end":{"line":64,"column":21}},"64":{"start":{"line":65,"column":0},"end":{"line":65,"column":63}},"65":{"start":{"line":66,"column":0},"end":{"line":66,"column":6}},"66":{"start":{"line":67,"column":0},"end":{"line":67,"column":21}},"67":{"start":{"line":68,"column":0},"end":{"line":68,"column":21}},"68":{"start":{"line":69,"column":0},"end":{"line":69,"column":63}},"69":{"start":{"line":70,"column":0},"end":{"line":70,"column":6}},"70":{"start":{"line":71,"column":0},"end":{"line":71,"column":15}},"71":{"start":{"line":72,"column":0},"end":{"line":72,"column":21}},"72":{"start":{"line":73,"column":0},"end":{"line":73,"column":45}},"73":{"start":{"line":74,"column":0},"end":{"line":74,"column":6}},"74":{"start":{"line":75,"column":0},"end":{"line":75,"column":4}},"75":{"start":{"line":76,"column":0},"end":{"line":76,"column":12}},"76":{"start":{"line":77,"column":0},"end":{"line":77,"column":24}},"77":{"start":{"line":78,"column":0},"end":{"line":78,"column":58}},"78":{"start":{"line":79,"column":0},"end":{"line":79,"column":6}},"79":{"start":{"line":80,"column":0},"end":{"line":80,"column":28}},"80":{"start":{"line":81,"column":0},"end":{"line":81,"column":62}},"81":{"start":{"line":82,"column":0},"end":{"line":82,"column":6}},"82":{"start":{"line":83,"column":0},"end":{"line":83,"column":29}},"83":{"start":{"line":84,"column":0},"end":{"line":84,"column":63}},"84":{"start":{"line":85,"column":0},"end":{"line":85,"column":6}},"85":{"start":{"line":86,"column":0},"end":{"line":86,"column":24}},"86":{"start":{"line":87,"column":0},"end":{"line":87,"column":56}},"87":{"start":{"line":88,"column":0},"end":{"line":88,"column":6}},"88":{"start":{"line":89,"column":0},"end":{"line":89,"column":21}},"89":{"start":{"line":90,"column":0},"end":{"line":90,"column":36}},"90":{"start":{"line":91,"column":0},"end":{"line":91,"column":48}},"91":{"start":{"line":92,"column":0},"end":{"line":92,"column":47}},"92":{"start":{"line":93,"column":0},"end":{"line":93,"column":46}},"93":{"start":{"line":94,"column":0},"end":{"line":94,"column":49}},"94":{"start":{"line":95,"column":0},"end":{"line":95,"column":48}},"95":{"start":{"line":96,"column":0},"end":{"line":96,"column":7}},"96":{"start":{"line":97,"column":0},"end":{"line":97,"column":6}},"97":{"start":{"line":98,"column":0},"end":{"line":98,"column":4}},"98":{"start":{"line":99,"column":0},"end":{"line":99,"column":2}}},"s":{"0":1,"1":1,"2":1,"6":1,"7":1,"8":1,"9":1,"10":1,"11":1,"12":1,"13":1,"14":1,"15":1,"17":1,"18":1,"19":1,"20":1,"21":1,"22":0,"24":1,"25":1,"26":1,"27":1,"28":1,"29":0,"31":1,"32":1,"33":1,"34":1,"38":4,"39":4,"40":1,"41":1,"44":1,"46":1,"47":1,"48":1,"49":1,"50":1,"51":1,"52":1,"53":1,"54":1,"55":1,"56":1,"57":1,"58":1,"59":1,"60":1,"61":1,"62":1,"63":1,"64":1,"65":1,"66":1,"67":1,"68":1,"69":1,"70":1,"71":1,"72":1,"73":1,"74":1,"75":1,"76":1,"77":27,"78":27,"79":1,"80":15,"81":15,"82":1,"83":14,"84":14,"85":1,"86":12,"87":12,"88":1,"89":4,"90":1,"91":4,"92":1,"93":3,"94":1,"95":1,"96":4,"97":1,"98":1},"branchMap":{"0":{"type":"branch","line":39,"loc":{"start":{"line":39,"column":0},"end":{"line":40,"column":40}},"locations":[{"start":{"line":39,"column":0},"end":{"line":40,"column":40}}]},"1":{"type":"branch","line":39,"loc":{"start":{"line":39,"column":0},"end":{"line":40,"column":40}},"locations":[{"start":{"line":39,"column":0},"end":{"line":40,"column":40}}]},"2":{"type":"branch","line":77,"loc":{"start":{"line":77,"column":4},"end":{"line":79,"column":6}},"locations":[{"start":{"line":77,"column":4},"end":{"line":79,"column":6}}]},"3":{"type":"branch","line":80,"loc":{"start":{"line":80,"column":4},"end":{"line":82,"column":6}},"locations":[{"start":{"line":80,"column":4},"end":{"line":82,"column":6}}]},"4":{"type":"branch","line":83,"loc":{"start":{"line":83,"column":4},"end":{"line":85,"column":6}},"locations":[{"start":{"line":83,"column":4},"end":{"line":85,"column":6}}]},"5":{"type":"branch","line":86,"loc":{"start":{"line":86,"column":4},"end":{"line":88,"column":6}},"locations":[{"start":{"line":86,"column":4},"end":{"line":88,"column":6}}]},"6":{"type":"branch","line":89,"loc":{"start":{"line":89,"column":4},"end":{"line":97,"column":6}},"locations":[{"start":{"line":89,"column":4},"end":{"line":97,"column":6}}]},"7":{"type":"branch","line":90,"loc":{"start":{"line":90,"column":35},"end":{"line":92,"column":17}},"locations":[{"start":{"line":90,"column":35},"end":{"line":92,"column":17}}]},"8":{"type":"branch","line":92,"loc":{"start":{"line":92,"column":6},"end":{"line":96,"column":7}},"locations":[{"start":{"line":92,"column":6},"end":{"line":96,"column":7}}]},"9":{"type":"branch","line":92,"loc":{"start":{"line":92,"column":46},"end":{"line":94,"column":17}},"locations":[{"start":{"line":92,"column":46},"end":{"line":94,"column":17}}]},"10":{"type":"branch","line":94,"loc":{"start":{"line":94,"column":6},"end":{"line":96,"column":7}},"locations":[{"start":{"line":94,"column":6},"end":{"line":96,"column":7}}]},"11":{"type":"branch","line":94,"loc":{"start":{"line":94,"column":48},"end":{"line":96,"column":7}},"locations":[{"start":{"line":94,"column":48},"end":{"line":96,"column":7}}]},"12":{"type":"branch","line":21,"loc":{"start":{"line":21,"column":36},"end":{"line":21,"column":61}},"locations":[{"start":{"line":21,"column":36},"end":{"line":21,"column":61}}]}},"b":{"0":[4],"1":[4],"2":[27],"3":[15],"4":[14],"5":[12],"6":[4],"7":[1],"8":[3],"9":[1],"10":[2],"11":[1],"12":[11]},"fnMap":{"0":{"name":"isSubtitleActive","decl":{"start":{"line":77,"column":4},"end":{"line":79,"column":6}},"loc":{"start":{"line":77,"column":4},"end":{"line":79,"column":6}},"line":77},"1":{"name":"isSubtitleDownloaded","decl":{"start":{"line":80,"column":4},"end":{"line":82,"column":6}},"loc":{"start":{"line":80,"column":4},"end":{"line":82,"column":6}},"line":80},"2":{"name":"isSubtitleDownloading","decl":{"start":{"line":83,"column":4},"end":{"line":85,"column":6}},"loc":{"start":{"line":83,"column":4},"end":{"line":85,"column":6}},"line":83},"3":{"name":"isSubtitleRemote","decl":{"start":{"line":86,"column":4},"end":{"line":88,"column":6}},"loc":{"start":{"line":86,"column":4},"end":{"line":88,"column":6}},"line":86},"4":{"name":"subtitleClick","decl":{"start":{"line":89,"column":4},"end":{"line":97,"column":6}},"loc":{"start":{"line":89,"column":4},"end":{"line":97,"column":6}},"line":89}},"f":{"0":27,"1":15,"2":14,"3":12,"4":4}}
,"A:\\Germingi\\Documents\\programming\\vue3-video-player\\lib\\components\\SubtitleSelector\\SubtitleSelectorSearchBar.vue": {"path":"A:\\Germingi\\Documents\\programming\\vue3-video-player\\lib\\components\\SubtitleSelector\\SubtitleSelectorSearchBar.vue","all":false,"statementMap":{"0":{"start":{"line":1,"column":0},"end":{"line":1,"column":10}},"1":{"start":{"line":2,"column":0},"end":{"line":2,"column":31}},"2":{"start":{"line":3,"column":0},"end":{"line":3,"column":10}},"3":{"start":{"line":4,"column":0},"end":{"line":4,"column":27}},"4":{"start":{"line":5,"column":0},"end":{"line":5,"column":17}},"5":{"start":{"line":6,"column":0},"end":{"line":6,"column":65}},"6":{"start":{"line":7,"column":0},"end":{"line":7,"column":6}},"7":{"start":{"line":8,"column":0},"end":{"line":8,"column":21}},"8":{"start":{"line":9,"column":0},"end":{"line":9,"column":33}},"9":{"start":{"line":10,"column":0},"end":{"line":10,"column":40}},"10":{"start":{"line":11,"column":0},"end":{"line":11,"column":39}},"11":{"start":{"line":12,"column":0},"end":{"line":12,"column":71}},"12":{"start":{"line":13,"column":0},"end":{"line":13,"column":39}},"13":{"start":{"line":14,"column":0},"end":{"line":14,"column":6}},"14":{"start":{"line":15,"column":0},"end":{"line":15,"column":27}},"15":{"start":{"line":16,"column":0},"end":{"line":16,"column":8}},"19":{"start":{"line":20,"column":0},"end":{"line":20,"column":64}},"20":{"start":{"line":21,"column":0},"end":{"line":21,"column":54}},"23":{"start":{"line":24,"column":0},"end":{"line":24,"column":16}},"24":{"start":{"line":25,"column":0},"end":{"line":25,"column":15}},"25":{"start":{"line":26,"column":0},"end":{"line":26,"column":24}},"26":{"start":{"line":27,"column":0},"end":{"line":27,"column":21}},"27":{"start":{"line":28,"column":0},"end":{"line":28,"column":4}},"28":{"start":{"line":29,"column":0},"end":{"line":29,"column":10}},"29":{"start":{"line":30,"column":0},"end":{"line":30,"column":28}},"30":{"start":{"line":31,"column":0},"end":{"line":31,"column":21}},"31":{"start":{"line":32,"column":0},"end":{"line":32,"column":39}},"32":{"start":{"line":33,"column":0},"end":{"line":33,"column":6}},"33":{"start":{"line":34,"column":0},"end":{"line":34,"column":27}},"34":{"start":{"line":35,"column":0},"end":{"line":35,"column":22}},"35":{"start":{"line":36,"column":0},"end":{"line":36,"column":39}},"36":{"start":{"line":37,"column":0},"end":{"line":37,"column":20}},"37":{"start":{"line":38,"column":0},"end":{"line":38,"column":6}},"38":{"start":{"line":39,"column":0},"end":{"line":39,"column":22}},"39":{"start":{"line":40,"column":0},"end":{"line":40,"column":21}},"40":{"start":{"line":41,"column":0},"end":{"line":41,"column":33}},"43":{"start":{"line":44,"column":0},"end":{"line":44,"column":6}},"44":{"start":{"line":45,"column":0},"end":{"line":45,"column":4}},"45":{"start":{"line":46,"column":0},"end":{"line":46,"column":10}},"46":{"start":{"line":47,"column":0},"end":{"line":47,"column":12}},"47":{"start":{"line":48,"column":0},"end":{"line":48,"column":22}},"48":{"start":{"line":49,"column":0},"end":{"line":49,"column":49}},"49":{"start":{"line":50,"column":0},"end":{"line":50,"column":6}},"50":{"start":{"line":51,"column":0},"end":{"line":51,"column":4}},"51":{"start":{"line":52,"column":0},"end":{"line":52,"column":12}},"52":{"start":{"line":53,"column":0},"end":{"line":53,"column":41}},"53":{"start":{"line":54,"column":0},"end":{"line":54,"column":37}},"55":{"start":{"line":56,"column":0},"end":{"line":56,"column":66}},"56":{"start":{"line":57,"column":0},"end":{"line":57,"column":6}},"57":{"start":{"line":58,"column":0},"end":{"line":58,"column":4}},"58":{"start":{"line":59,"column":0},"end":{"line":59,"column":2}}},"s":{"0":1,"1":1,"2":1,"3":1,"4":1,"5":1,"6":1,"7":1,"8":1,"9":5,"10":5,"11":5,"12":5,"13":1,"14":1,"15":1,"19":3,"20":3,"23":1,"24":1,"25":1,"26":1,"27":1,"28":1,"29":1,"30":1,"31":1,"32":1,"33":1,"34":1,"35":1,"36":1,"37":1,"38":1,"39":1,"40":1,"43":1,"44":1,"45":1,"46":16,"47":16,"48":16,"49":16,"50":16,"51":1,"52":1,"53":0,"55":0,"56":0,"57":1,"58":1},"branchMap":{"0":{"type":"branch","line":20,"loc":{"start":{"line":20,"column":0},"end":{"line":21,"column":54}},"locations":[{"start":{"line":20,"column":0},"end":{"line":21,"column":54}}]},"1":{"type":"branch","line":20,"loc":{"start":{"line":20,"column":0},"end":{"line":21,"column":54}},"locations":[{"start":{"line":20,"column":0},"end":{"line":21,"column":54}}]},"2":{"type":"branch","line":46,"loc":{"start":{"line":46,"column":2},"end":{"line":51,"column":4}},"locations":[{"start":{"line":46,"column":2},"end":{"line":51,"column":4}}]},"3":{"type":"branch","line":6,"loc":{"start":{"line":6,"column":12},"end":{"line":6,"column":65}},"locations":[{"start":{"line":6,"column":12},"end":{"line":6,"column":65}}]},"4":{"type":"branch","line":9,"loc":{"start":{"line":9,"column":12},"end":{"line":13,"column":39}},"locations":[{"start":{"line":9,"column":12},"end":{"line":13,"column":39}}]},"5":{"type":"branch","line":13,"loc":{"start":{"line":13,"column":21},"end":{"line":13,"column":39}},"locations":[{"start":{"line":13,"column":21},"end":{"line":13,"column":39}}]},"6":{"type":"branch","line":5,"loc":{"start":{"line":5,"column":11},"end":{"line":6,"column":65}},"locations":[{"start":{"line":5,"column":11},"end":{"line":6,"column":65}}]}},"b":{"0":[3],"1":[3],"2":[16],"3":[16],"4":[5],"5":[13],"6":[1]},"fnMap":{"0":{"name":"data","decl":{"start":{"line":46,"column":2},"end":{"line":51,"column":4}},"loc":{"start":{"line":46,"column":2},"end":{"line":51,"column":4}},"line":46},"1":{"name":"setSearchLanguage","decl":{"start":{"line":53,"column":4},"end":{"line":57,"column":6}},"loc":{"start":{"line":53,"column":4},"end":{"line":57,"column":6}},"line":53}},"f":{"0":16,"1":0}}
,"A:\\Germingi\\Documents\\programming\\vue3-video-player\\lib\\components\\SubtitleSelector\\SubtitleSelectorTable.vue": {"path":"A:\\Germingi\\Documents\\programming\\vue3-video-player\\lib\\components\\SubtitleSelector\\SubtitleSelectorTable.vue","all":false,"statementMap":{"0":{"start":{"line":1,"column":0},"end":{"line":1,"column":10}},"1":{"start":{"line":2,"column":0},"end":{"line":2,"column":60}},"2":{"start":{"line":3,"column":0},"end":{"line":3,"column":11}},"3":{"start":{"line":4,"column":0},"end":{"line":4,"column":28}},"4":{"start":{"line":5,"column":0},"end":{"line":5,"column":37}},"5":{"start":{"line":6,"column":0},"end":{"line":6,"column":26}},"6":{"start":{"line":7,"column":0},"end":{"line":7,"column":41}},"7":{"start":{"line":8,"column":0},"end":{"line":8,"column":45}},"8":{"start":{"line":9,"column":0},"end":{"line":9,"column":45}},"9":{"start":{"line":10,"column":0},"end":{"line":10,"column":41}},"10":{"start":{"line":11,"column":0},"end":{"line":11,"column":28}},"11":{"start":{"line":12,"column":0},"end":{"line":12,"column":8}},"12":{"start":{"line":13,"column":0},"end":{"line":13,"column":12}},"13":{"start":{"line":14,"column":0},"end":{"line":14,"column":8}},"14":{"start":{"line":15,"column":0},"end":{"line":15,"column":61}},"16":{"start":{"line":17,"column":0},"end":{"line":17,"column":8}},"21":{"start":{"line":22,"column":0},"end":{"line":22,"column":64}},"24":{"start":{"line":25,"column":0},"end":{"line":25,"column":16}},"25":{"start":{"line":26,"column":0},"end":{"line":26,"column":15}},"26":{"start":{"line":27,"column":0},"end":{"line":27,"column":26}},"27":{"start":{"line":28,"column":0},"end":{"line":28,"column":4}},"28":{"start":{"line":29,"column":0},"end":{"line":29,"column":10}},"29":{"start":{"line":30,"column":0},"end":{"line":30,"column":21}},"30":{"start":{"line":31,"column":0},"end":{"line":31,"column":21}},"31":{"start":{"line":32,"column":0},"end":{"line":32,"column":63}},"32":{"start":{"line":33,"column":0},"end":{"line":33,"column":6}},"33":{"start":{"line":34,"column":0},"end":{"line":34,"column":23}},"34":{"start":{"line":35,"column":0},"end":{"line":35,"column":21}},"35":{"start":{"line":36,"column":0},"end":{"line":36,"column":63}},"36":{"start":{"line":37,"column":0},"end":{"line":37,"column":6}},"37":{"start":{"line":38,"column":0},"end":{"line":38,"column":23}},"38":{"start":{"line":39,"column":0},"end":{"line":39,"column":21}},"39":{"start":{"line":40,"column":0},"end":{"line":40,"column":63}},"40":{"start":{"line":41,"column":0},"end":{"line":41,"column":6}},"41":{"start":{"line":42,"column":0},"end":{"line":42,"column":21}},"42":{"start":{"line":43,"column":0},"end":{"line":43,"column":21}},"43":{"start":{"line":44,"column":0},"end":{"line":44,"column":63}},"44":{"start":{"line":45,"column":0},"end":{"line":45,"column":6}},"45":{"start":{"line":46,"column":0},"end":{"line":46,"column":16}},"46":{"start":{"line":47,"column":0},"end":{"line":47,"column":21}},"47":{"start":{"line":48,"column":0},"end":{"line":48,"column":46}},"48":{"start":{"line":49,"column":0},"end":{"line":49,"column":6}},"49":{"start":{"line":50,"column":0},"end":{"line":50,"column":4}},"50":{"start":{"line":51,"column":0},"end":{"line":51,"column":2}}},"s":{"0":1,"1":1,"2":1,"3":1,"4":1,"5":1,"6":1,"7":1,"8":1,"9":1,"10":1,"11":1,"12":1,"13":1,"14":1,"16":1,"21":3,"24":1,"25":1,"26":1,"27":1,"28":1,"29":1,"30":1,"31":1,"32":1,"33":1,"34":1,"35":1,"36":1,"37":1,"38":1,"39":1,"40":1,"41":1,"42":1,"43":1,"44":1,"45":1,"46":1,"47":1,"48":1,"49":1,"50":1},"branchMap":{"0":{"type":"branch","line":22,"loc":{"start":{"line":22,"column":0},"end":{"line":22,"column":64}},"locations":[{"start":{"line":22,"column":0},"end":{"line":22,"column":64}}]},"1":{"type":"branch","line":22,"loc":{"start":{"line":22,"column":0},"end":{"line":22,"column":64}},"locations":[{"start":{"line":22,"column":0},"end":{"line":22,"column":64}}]}},"b":{"0":[3],"1":[3]},"fnMap":{},"f":{}}
,"A:\\Germingi\\Documents\\programming\\vue3-video-player\\lib\\models\\Subtitles.ts": {"path":"A:\\Germingi\\Documents\\programming\\vue3-video-player\\lib\\models\\Subtitles.ts","all":false,"statementMap":{"16":{"start":{"line":17,"column":0},"end":{"line":17,"column":20}},"17":{"start":{"line":18,"column":0},"end":{"line":18,"column":11}},"18":{"start":{"line":19,"column":0},"end":{"line":19,"column":14}},"19":{"start":{"line":20,"column":0},"end":{"line":20,"column":13}},"20":{"start":{"line":21,"column":0},"end":{"line":21,"column":9}}},"s":{"16":4,"17":1,"18":1,"19":1,"20":1},"branchMap":{"0":{"type":"branch","line":17,"loc":{"start":{"line":17,"column":0},"end":{"line":17,"column":20}},"locations":[{"start":{"line":17,"column":0},"end":{"line":17,"column":20}}]}},"b":{"0":[4]},"fnMap":{},"f":{}}
}
